<?xml version="1.0" encoding="UTF-8"?>
<!-- Generated by org.testng.reporters.JUnitReportReporter -->
<testsuite hostname="DESKTOP-7S7LCUO" failures="0" tests="2" name="com.creative.qa.Tests.ProductTest" time="2.781" errors="0" timestamp="2024-06-25T12:19:58 IST" skipped="1">
  <testcase classname="com.creative.qa.Tests.ProductTest" name="enterTheProductDetais" time="2.781"/>
  <testcase classname="com.creative.qa.Tests.ProductTest" name="AddNewButton">
    <skipped/>
  </testcase> <!-- AddNewButton -->
</testsuite> <!-- com.creative.qa.Tests.ProductTest -->
